Properly activated
Loading dataset...
0
input/5wyq_ligands_34/5wyq_ligands_34_pocket.pdb
input/5wyq_ligands_34/5wyq_ligands_34_pocket.pdb
Start Generating
aar:  tensor(0.9000, device='cuda:0')
rmsd:  tensor(1.6680, device='cuda:0')
Score before minimization: 18.032 (kcal/mol)
Score after minimization : 8.818 (kcal/mol)
Score after docking : -8.679 (kcal/mol)
Score before minimization: -8.077 (kcal/mol)
Score after minimization : -8.155 (kcal/mol)
Score after docking : -10.835 (kcal/mol)
Score before minimization: -8.102 (kcal/mol)
Score after minimization : -8.190 (kcal/mol)
Score after docking : -10.816 (kcal/mol)
Score before minimization: 13.202 (kcal/mol)
Score after minimization : -2.692 (kcal/mol)
Score after docking : -9.043 (kcal/mol)
Score before minimization: 22.069 (kcal/mol)
Score after minimization : 5.991 (kcal/mol)
Score after docking : -7.663 (kcal/mol)
Score before minimization: 20.443 (kcal/mol)
Score after minimization : 8.061 (kcal/mol)
Score after docking : -7.142 (kcal/mol)
Score before minimization: 23.143 (kcal/mol)
Score after minimization : 10.569 (kcal/mol)
Score after docking : -9.066 (kcal/mol)
Score before minimization: 29.773 (kcal/mol)
Score after minimization : 13.551 (kcal/mol)
Score after docking : -7.276 (kcal/mol)
Vina:  -8.815000000000001
Score before minimization: -8.743 (kcal/mol)
Score after minimization : -9.189 (kcal/mol)
Score after docking : -9.525 (kcal/mol)
original vina: -9.525
1
input/5wyq_ligands_75/5wyq_ligands_75_pocket.pdb
input/5wyq_ligands_75/5wyq_ligands_75_pocket.pdb
Start Generating
aar:  tensor(0.9583, device='cuda:0')
rmsd:  tensor(1.7703, device='cuda:0')
Score before minimization: -8.829 (kcal/mol)
Score after minimization : -10.321 (kcal/mol)
Score after docking : -11.856 (kcal/mol)
Score before minimization: 19.542 (kcal/mol)
Score after minimization : 9.174 (kcal/mol)
Score after docking : -7.609 (kcal/mol)
Score before minimization: -8.854 (kcal/mol)
Score after minimization : -10.026 (kcal/mol)
Score after docking : -12.190 (kcal/mol)
Score before minimization: -9.397 (kcal/mol)
Score after minimization : -9.693 (kcal/mol)
Score after docking : -11.235 (kcal/mol)
Score before minimization: 23.172 (kcal/mol)
Score after minimization : 9.188 (kcal/mol)
Score after docking : -7.029 (kcal/mol)
Score before minimization: -9.122 (kcal/mol)
Score after minimization : -9.635 (kcal/mol)
Score after docking : -11.801 (kcal/mol)
Score before minimization: 25.764 (kcal/mol)
Score after minimization : 3.833 (kcal/mol)
Score after docking : -7.779 (kcal/mol)
Vina:  -9.718875
Score before minimization: -8.879 (kcal/mol)
Score after minimization : -8.833 (kcal/mol)
Score after docking : -9.367 (kcal/mol)
original vina: -9.367
2
input/5wyq_ligands_100/5wyq_ligands_100_pocket.pdb
input/5wyq_ligands_100/5wyq_ligands_100_pocket.pdb
Start Generating
aar:  tensor(0.9167, device='cuda:0')
rmsd:  tensor(1.7787, device='cuda:0')
Score before minimization: -8.881 (kcal/mol)
Score after minimization : -9.702 (kcal/mol)
Score after docking : -11.706 (kcal/mol)
Score before minimization: -8.405 (kcal/mol)
Score after minimization : -8.894 (kcal/mol)
Score after docking : -12.187 (kcal/mol)
Score before minimization: -8.573 (kcal/mol)
Score after minimization : -9.279 (kcal/mol)
Score after docking : -12.741 (kcal/mol)
Score before minimization: 9.913 (kcal/mol)
Score after minimization : 2.221 (kcal/mol)
Score after docking : -8.413 (kcal/mol)
Score before minimization: 13.065 (kcal/mol)
Score after minimization : 5.247 (kcal/mol)
Score after docking : -8.359 (kcal/mol)
Score before minimization: -8.963 (kcal/mol)
Score after minimization : -9.724 (kcal/mol)
Score after docking : -12.449 (kcal/mol)
Score before minimization: 31.153 (kcal/mol)
Score after minimization : 10.016 (kcal/mol)
Score after docking : -8.914 (kcal/mol)
Score before minimization: 28.430 (kcal/mol)
Score after minimization : 20.034 (kcal/mol)
Score after docking : -8.366 (kcal/mol)
Vina:  -10.391874999999999
Score before minimization: -9.317 (kcal/mol)
Score after minimization : -9.527 (kcal/mol)
Score after docking : -9.448 (kcal/mol)
original vina: -9.448
3
input/5wyq_ligands_60/5wyq_ligands_60_pocket.pdb
input/5wyq_ligands_60/5wyq_ligands_60_pocket.pdb
Start Generating
aar:  tensor(0.9712, device='cuda:0')
rmsd:  tensor(1.5085, device='cuda:0')
Score before minimization: 7.320 (kcal/mol)
Score after minimization : -2.126 (kcal/mol)
Score after docking : -9.115 (kcal/mol)
Score before minimization: -7.480 (kcal/mol)
Score after minimization : -9.049 (kcal/mol)
Score after docking : -10.653 (kcal/mol)
Score before minimization: -7.250 (kcal/mol)
Score after minimization : -7.459 (kcal/mol)
Score after docking : -9.820 (kcal/mol)
Score before minimization: 34.026 (kcal/mol)
Score after minimization : 7.496 (kcal/mol)
Score after docking : -9.095 (kcal/mol)
Score before minimization: 6.704 (kcal/mol)
Score after minimization : -1.654 (kcal/mol)
Score after docking : -9.758 (kcal/mol)
Score before minimization: -7.179 (kcal/mol)
Score after minimization : -7.542 (kcal/mol)
Score after docking : -9.933 (kcal/mol)
Score before minimization: 1.161 (kcal/mol)
Score after minimization : -1.798 (kcal/mol)
Score after docking : -9.830 (kcal/mol)
Score before minimization: 12.899 (kcal/mol)
Score after minimization : 4.057 (kcal/mol)
Score after docking : -8.097 (kcal/mol)
Vina:  -9.537624999999998
Score before minimization: -7.203 (kcal/mol)
Score after minimization : -7.031 (kcal/mol)
Score after docking : -8.233 (kcal/mol)
original vina: -8.233
4
input/5wyq_ligands_118/5wyq_ligands_118_pocket.pdb
input/5wyq_ligands_118/5wyq_ligands_118_pocket.pdb
Start Generating
aar:  tensor(0.9185, device='cuda:0')
rmsd:  tensor(1.8763, device='cuda:0')
Score before minimization: -5.871 (kcal/mol)
Score after minimization : -7.322 (kcal/mol)
Score after docking : -12.720 (kcal/mol)
Score before minimization: -8.966 (kcal/mol)
Score after minimization : -10.148 (kcal/mol)
Score after docking : -12.253 (kcal/mol)
Score before minimization: 55.380 (kcal/mol)
Score after minimization : -3.511 (kcal/mol)
Score after docking : -7.819 (kcal/mol)
Score before minimization: -8.611 (kcal/mol)
Score after minimization : -8.935 (kcal/mol)
Score after docking : -12.047 (kcal/mol)
Score before minimization: 15.441 (kcal/mol)
Score after minimization : 6.964 (kcal/mol)
Score after docking : -7.093 (kcal/mol)
Score before minimization: 49.687 (kcal/mol)
Score after minimization : 4.479 (kcal/mol)
Score after docking : -8.681 (kcal/mol)
Score before minimization: 38.123 (kcal/mol)
Score after minimization : 18.304 (kcal/mol)
Score after docking : -7.735 (kcal/mol)
Score before minimization: 37.650 (kcal/mol)
Score after minimization : 13.921 (kcal/mol)
Score after docking : -6.573 (kcal/mol)
Vina:  -9.365124999999999
Score before minimization: -10.130 (kcal/mol)
Score after minimization : -9.512 (kcal/mol)
Score after docking : -10.328 (kcal/mol)
original vina: -10.328
5
input/5wyq_ligands_107/5wyq_ligands_107_pocket.pdb
input/5wyq_ligands_107/5wyq_ligands_107_pocket.pdb
Start Generating
aar:  tensor(1., device='cuda:0')
rmsd:  tensor(1.8338, device='cuda:0')
Score before minimization: 5.779 (kcal/mol)
Score after minimization : -4.237 (kcal/mol)
Score after docking : -5.377 (kcal/mol)
Score before minimization: 4.530 (kcal/mol)
Score after minimization : -4.747 (kcal/mol)
Score after docking : -5.459 (kcal/mol)
Score before minimization: 2.498 (kcal/mol)
Score after minimization : -4.952 (kcal/mol)
Score after docking : -5.519 (kcal/mol)
Score before minimization: -3.959 (kcal/mol)
Score after minimization : -4.468 (kcal/mol)
Score after docking : -6.195 (kcal/mol)
Score before minimization: -3.776 (kcal/mol)
Score after minimization : -4.629 (kcal/mol)
Score after docking : -6.163 (kcal/mol)
Score before minimization: 10.270 (kcal/mol)
Score after minimization : -4.792 (kcal/mol)
Score after docking : -5.503 (kcal/mol)
Score before minimization: 3.170 (kcal/mol)
Score after minimization : -5.304 (kcal/mol)
Score after docking : -5.420 (kcal/mol)
Vina:  -5.68525
Score before minimization: -5.338 (kcal/mol)
Score after minimization : -5.373 (kcal/mol)
Score after docking : -5.406 (kcal/mol)
original vina: -5.406
6
input/5wyq_ligands_72/5wyq_ligands_72_pocket.pdb
input/5wyq_ligands_72/5wyq_ligands_72_pocket.pdb
Start Generating
aar:  tensor(0.9514, device='cuda:0')
rmsd:  tensor(1.8344, device='cuda:0')
Score before minimization: -8.484 (kcal/mol)
Score after minimization : -9.792 (kcal/mol)
Score after docking : -11.610 (kcal/mol)
Score before minimization: -9.021 (kcal/mol)
Score after minimization : -9.631 (kcal/mol)
Score after docking : -11.385 (kcal/mol)
Score before minimization: -8.949 (kcal/mol)
Score after minimization : -9.550 (kcal/mol)
Score after docking : -11.168 (kcal/mol)
Score before minimization: 51.922 (kcal/mol)
Score after minimization : 13.244 (kcal/mol)
Score after docking : -7.759 (kcal/mol)
Score before minimization: 34.563 (kcal/mol)
Score after minimization : 21.930 (kcal/mol)
Score after docking : -8.166 (kcal/mol)
Score before minimization: -8.941 (kcal/mol)
Score after minimization : -9.400 (kcal/mol)
Score after docking : -11.619 (kcal/mol)
Score before minimization: 29.318 (kcal/mol)
Score after minimization : 14.606 (kcal/mol)
Score after docking : -8.098 (kcal/mol)
Score before minimization: 44.109 (kcal/mol)
Score after minimization : 22.837 (kcal/mol)
Score after docking : -8.223 (kcal/mol)
Vina:  -9.753499999999999
Score before minimization: -8.278 (kcal/mol)
Score after minimization : -8.520 (kcal/mol)
Score after docking : -10.343 (kcal/mol)
original vina: -10.343
7
input/5wyq_ligands_5/5wyq_ligands_5_pocket.pdb
input/5wyq_ligands_5/5wyq_ligands_5_pocket.pdb
Start Generating
aar:  tensor(0.9609, device='cuda:0')
rmsd:  tensor(1.6783, device='cuda:0')
Score before minimization: -10.914 (kcal/mol)
Score after minimization : -10.788 (kcal/mol)
Score after docking : -15.889 (kcal/mol)
Score before minimization: 43.349 (kcal/mol)
Score after minimization : 14.849 (kcal/mol)
Score after docking : -7.187 (kcal/mol)
Score before minimization: 23.061 (kcal/mol)
Score after minimization : 15.293 (kcal/mol)
Score after docking : -8.110 (kcal/mol)
Score before minimization: -9.853 (kcal/mol)
Score after minimization : -10.777 (kcal/mol)
Score after docking : -15.028 (kcal/mol)
Score before minimization: 34.795 (kcal/mol)
Score after minimization : 21.344 (kcal/mol)
Score after docking : -8.335 (kcal/mol)
Score before minimization: -9.946 (kcal/mol)
Score after minimization : -11.040 (kcal/mol)
Score after docking : -15.409 (kcal/mol)
Score before minimization: 42.200 (kcal/mol)
Score after minimization : 22.140 (kcal/mol)
Score after docking : -6.609 (kcal/mol)
Vina:  -10.40725
Score before minimization: -5.334 (kcal/mol)
Score after minimization : -5.375 (kcal/mol)
Score after docking : -8.693 (kcal/mol)
original vina: -8.693
8
input/5wyq_ligands_114/5wyq_ligands_114_pocket.pdb
input/5wyq_ligands_114/5wyq_ligands_114_pocket.pdb
Start Generating
aar:  tensor(1., device='cuda:0')
rmsd:  tensor(1.5950, device='cuda:0')
Score before minimization: -1.542 (kcal/mol)
Score after minimization : -5.682 (kcal/mol)
Score after docking : -7.243 (kcal/mol)
Score before minimization: -5.957 (kcal/mol)
Score after minimization : -7.233 (kcal/mol)
Score after docking : -8.419 (kcal/mol)
Score before minimization: -6.120 (kcal/mol)
Score after minimization : -7.434 (kcal/mol)
Score after docking : -8.744 (kcal/mol)
Score before minimization: 4.408 (kcal/mol)
Score after minimization : 0.295 (kcal/mol)
Score after docking : -7.259 (kcal/mol)
Score before minimization: -6.457 (kcal/mol)
Score after minimization : -7.491 (kcal/mol)
Score after docking : -8.621 (kcal/mol)
Score before minimization: 12.394 (kcal/mol)
Score after minimization : -4.717 (kcal/mol)
Score after docking : -6.796 (kcal/mol)
Score before minimization: -6.433 (kcal/mol)
Score after minimization : -7.395 (kcal/mol)
Score after docking : -9.002 (kcal/mol)
Score before minimization: 8.636 (kcal/mol)
Score after minimization : -6.347 (kcal/mol)
Score after docking : -6.425 (kcal/mol)
Vina:  -7.813625
Score before minimization: -7.001 (kcal/mol)
Score after minimization : -6.804 (kcal/mol)
Score after docking : -6.984 (kcal/mol)
original vina: -6.984
9
input/5wyq_ligands_124/5wyq_ligands_124_pocket.pdb
input/5wyq_ligands_124/5wyq_ligands_124_pocket.pdb
Start Generating
aar:  tensor(0.9605, device='cuda:0')
rmsd:  tensor(1.8061, device='cuda:0')
Vina:  -10.399249999999999
Score before minimization: -8.643 (kcal/mol)
Score after minimization : -8.584 (kcal/mol)
Score after docking : -10.126 (kcal/mol)
original vina: -10.126
10
input/5wyq_ligands_101/5wyq_ligands_101_pocket.pdb
input/5wyq_ligands_101/5wyq_ligands_101_pocket.pdb
Start Generating
aar:  tensor(0.8988, device='cuda:0')
rmsd:  tensor(1.8270, device='cuda:0')
Vina:  -9.933
Score before minimization: -8.955 (kcal/mol)
Score after minimization : -9.038 (kcal/mol)
Score after docking : -9.505 (kcal/mol)
original vina: -9.505
11
input/5wyq_ligands_49/5wyq_ligands_49_pocket.pdb
input/5wyq_ligands_49/5wyq_ligands_49_pocket.pdb
Start Generating
aar:  tensor(0.9013, device='cuda:0')
rmsd:  tensor(1.6806, device='cuda:0')
Vina:  -8.83325
Score before minimization: -8.602 (kcal/mol)
Score after minimization : -8.850 (kcal/mol)
Score after docking : -9.601 (kcal/mol)
original vina: -9.601
12
input/5wyq_ligands_116/5wyq_ligands_116_pocket.pdb
input/5wyq_ligands_116/5wyq_ligands_116_pocket.pdb
Start Generating
aar:  tensor(0.9306, device='cuda:0')
rmsd:  tensor(1.7290, device='cuda:0')
Vina:  -9.404875
Score before minimization: -8.638 (kcal/mol)
Score after minimization : -8.759 (kcal/mol)
Score after docking : -9.144 (kcal/mol)
original vina: -9.144
13
input/5wyq_ligands_31/5wyq_ligands_31_pocket.pdb
input/5wyq_ligands_31/5wyq_ligands_31_pocket.pdb
Start Generating
aar:  tensor(0.9375, device='cuda:0')
rmsd:  tensor(1.7377, device='cuda:0')
Score before minimization: -9.177 (kcal/mol)
Score after minimization : -9.302 (kcal/mol)
Score after docking : -11.909 (kcal/mol)
Score before minimization: -8.863 (kcal/mol)
Score after minimization : -9.373 (kcal/mol)
Score after docking : -13.193 (kcal/mol)
Score before minimization: 43.509 (kcal/mol)
Score after minimization : 43.509 (kcal/mol)
Score after docking : -7.924 (kcal/mol)
Score before minimization: -8.873 (kcal/mol)
Score after minimization : -9.256 (kcal/mol)
Score after docking : -12.559 (kcal/mol)
Score before minimization: 28.814 (kcal/mol)
Score after minimization : 8.599 (kcal/mol)
Score after docking : -9.260 (kcal/mol)
Score before minimization: 44.658 (kcal/mol)
Score after minimization : 26.544 (kcal/mol)
Score after docking : -8.069 (kcal/mol)
Score before minimization: 25.791 (kcal/mol)
Score after minimization : 17.717 (kcal/mol)
Score after docking : -8.141 (kcal/mol)
Score before minimization: 12.879 (kcal/mol)
Score after minimization : 8.828 (kcal/mol)
Score after docking : -7.902 (kcal/mol)
Vina:  -9.869625
Score before minimization: -9.593 (kcal/mol)
Score after minimization : -9.537 (kcal/mol)
Score after docking : -10.478 (kcal/mol)
original vina: -10.478
14
input/5wyq_ligands_47/5wyq_ligands_47_pocket.pdb
input/5wyq_ligands_47/5wyq_ligands_47_pocket.pdb
Start Generating
Sanitization error for molecule 0: Explicit valence for atom # 43 N, 5, is greater than permitted
Failed to fully sanitize molecule 0: Explicit valence for atom # 43 N, 5, is greater than permitted
Sanitization error for molecule 1: Explicit valence for atom # 43 N, 5, is greater than permitted
Failed to fully sanitize molecule 1: Explicit valence for atom # 43 N, 5, is greater than permitted
Sanitization error for molecule 2: Explicit valence for atom # 43 N, 5, is greater than permitted
Failed to fully sanitize molecule 2: Explicit valence for atom # 43 N, 5, is greater than permitted
Sanitization error for molecule 3: Explicit valence for atom # 43 N, 5, is greater than permitted
Failed to fully sanitize molecule 3: Explicit valence for atom # 43 N, 5, is greater than permitted
Sanitization error for molecule 4: Explicit valence for atom # 43 N, 5, is greater than permitted
Failed to fully sanitize molecule 4: Explicit valence for atom # 43 N, 5, is greater than permitted
Sanitization error for molecule 5: Explicit valence for atom # 43 N, 5, is greater than permitted
Failed to fully sanitize molecule 5: Explicit valence for atom # 43 N, 5, is greater than permitted
Sanitization error for molecule 6: Explicit valence for atom # 43 N, 5, is greater than permitted
Failed to fully sanitize molecule 6: Explicit valence for atom # 43 N, 5, is greater than permitted
Sanitization error for molecule 7: Explicit valence for atom # 43 N, 5, is greater than permitted
Failed to fully sanitize molecule 7: Explicit valence for atom # 43 N, 5, is greater than permitted
aar:  tensor(0.9762, device='cuda:0')
rmsd:  tensor(1.8506, device='cuda:0')
Score before minimization: -9.794 (kcal/mol)
Score after minimization : -11.531 (kcal/mol)
Score after docking : -15.269 (kcal/mol)
Score before minimization: 34.595 (kcal/mol)
Score after minimization : 34.595 (kcal/mol)
Score after docking : -9.760 (kcal/mol)
Score before minimization: 32.893 (kcal/mol)
Score after minimization : 23.891 (kcal/mol)
Score after docking : -10.315 (kcal/mol)
Score before minimization: 21.521 (kcal/mol)
Score after minimization : 11.484 (kcal/mol)
Score after docking : -8.475 (kcal/mol)
Score before minimization: 16.704 (kcal/mol)
Score after minimization : 7.935 (kcal/mol)
Score after docking : -10.054 (kcal/mol)
Score before minimization: 26.701 (kcal/mol)
Score after minimization : 10.031 (kcal/mol)
Score after docking : -8.993 (kcal/mol)
Score before minimization: 24.602 (kcal/mol)
Score after minimization : 24.602 (kcal/mol)
Score after docking : -9.064 (kcal/mol)
Score before minimization: 35.899 (kcal/mol)
Score after minimization : 20.902 (kcal/mol)
Score after docking : -8.691 (kcal/mol)
Vina:  -10.077625000000001
Score before minimization: -5.575 (kcal/mol)
Score after minimization : -5.556 (kcal/mol)
Score after docking : -10.149 (kcal/mol)
original vina: -10.149
15
input/5wyq_ligands_2/5wyq_ligands_2_pocket.pdb
input/5wyq_ligands_2/5wyq_ligands_2_pocket.pdb
Start Generating
aar:  tensor(0.9107, device='cuda:0')
rmsd:  tensor(1.8638, device='cuda:0')
Score before minimization: -7.485 (kcal/mol)
Score after minimization : -9.283 (kcal/mol)
Score after docking : -13.976 (kcal/mol)
Score before minimization: -8.251 (kcal/mol)
Score after minimization : -9.221 (kcal/mol)
Score after docking : -13.684 (kcal/mol)
Score before minimization: -8.221 (kcal/mol)
Score after minimization : -9.163 (kcal/mol)
Score after docking : -13.873 (kcal/mol)
Score before minimization: 23.344 (kcal/mol)
Score after minimization : 13.802 (kcal/mol)
Score after docking : -8.703 (kcal/mol)
Vina:  -11.889375000000001
Score before minimization: -9.393 (kcal/mol)
Score after minimization : -9.510 (kcal/mol)
Score after docking : -9.679 (kcal/mol)
original vina: -9.679
16
input/5wyq_ligands_80/5wyq_ligands_80_pocket.pdb
input/5wyq_ligands_80/5wyq_ligands_80_pocket.pdb
Start Generating
aar:  tensor(1., device='cuda:0')
rmsd:  tensor(1.5897, device='cuda:0')
Score before minimization: -9.825 (kcal/mol)
Score after minimization : -10.923 (kcal/mol)
Score after docking : -13.172 (kcal/mol)
Score before minimization: -9.671 (kcal/mol)
Score after minimization : -10.449 (kcal/mol)
Score after docking : -14.165 (kcal/mol)
Score before minimization: -10.011 (kcal/mol)
Score after minimization : -10.728 (kcal/mol)
Score after docking : -13.599 (kcal/mol)
Score before minimization: -9.684 (kcal/mol)
Score after minimization : -10.454 (kcal/mol)
Score after docking : -13.841 (kcal/mol)
Score before minimization: 54.323 (kcal/mol)
Score after minimization : 11.302 (kcal/mol)
Score after docking : -9.303 (kcal/mol)
Score before minimization: -9.556 (kcal/mol)
Score after minimization : -10.765 (kcal/mol)
Score after docking : -13.698 (kcal/mol)
Score before minimization: 42.498 (kcal/mol)
Score after minimization : 21.755 (kcal/mol)
Score after docking : -7.436 (kcal/mol)
Score before minimization: 36.307 (kcal/mol)
Score after minimization : 17.891 (kcal/mol)
Score after docking : -6.878 (kcal/mol)
Vina:  -11.511500000000002
Score before minimization: -6.325 (kcal/mol)
Score after minimization : -6.464 (kcal/mol)
Score after docking : -9.254 (kcal/mol)
original vina: -9.254
17
input/5wyq_ligands_92/5wyq_ligands_92_pocket.pdb
input/5wyq_ligands_92/5wyq_ligands_92_pocket.pdb
Start Generating
aar:  tensor(0.9125, device='cuda:0')
rmsd:  tensor(1.8273, device='cuda:0')
Score before minimization: -9.125 (kcal/mol)
Score after minimization : -10.088 (kcal/mol)
Score after docking : -13.221 (kcal/mol)
Vina:  -9.2355
Score before minimization: -7.880 (kcal/mol)
Score after minimization : -7.879 (kcal/mol)
Score after docking : -9.974 (kcal/mol)
original vina: -9.974
18
input/5wyq_ligands_11/5wyq_ligands_11_pocket.pdb
input/5wyq_ligands_11/5wyq_ligands_11_pocket.pdb
Start Generating
aar:  tensor(1., device='cuda:0')
rmsd:  tensor(1.6416, device='cuda:0')
Score before minimization: 8.932 (kcal/mol)
Score after minimization : -4.389 (kcal/mol)
Score after docking : -6.639 (kcal/mol)
Score before minimization: 2.097 (kcal/mol)
Score after minimization : -3.882 (kcal/mol)
Score after docking : -6.337 (kcal/mol)
Score before minimization: 16.879 (kcal/mol)
Score after minimization : 5.753 (kcal/mol)
Score after docking : -6.522 (kcal/mol)
Score before minimization: 2.042 (kcal/mol)
Score after minimization : -2.940 (kcal/mol)
Score after docking : -6.565 (kcal/mol)
Score before minimization: 13.026 (kcal/mol)
Score after minimization : -5.887 (kcal/mol)
Score after docking : -6.381 (kcal/mol)
Score before minimization: 1.835 (kcal/mol)
Score after minimization : -1.286 (kcal/mol)
Score after docking : -6.862 (kcal/mol)
Score before minimization: -4.920 (kcal/mol)
Score after minimization : -7.401 (kcal/mol)
Score after docking : -7.380 (kcal/mol)
Score before minimization: -2.494 (kcal/mol)
Score after minimization : -4.449 (kcal/mol)
Score after docking : -6.552 (kcal/mol)
Vina:  -6.65475
Score before minimization: -6.373 (kcal/mol)
Score after minimization : -6.283 (kcal/mol)
Score after docking : -6.486 (kcal/mol)
original vina: -6.486
19
input/5wyq_ligands_62/5wyq_ligands_62_pocket.pdb
input/5wyq_ligands_62/5wyq_ligands_62_pocket.pdb
Start Generating
aar:  tensor(0.8889, device='cuda:0')
rmsd:  tensor(1.7061, device='cuda:0')
Score before minimization: -7.958 (kcal/mol)
Score after minimization : -7.964 (kcal/mol)
Score after docking : -11.088 (kcal/mol)
Score before minimization: 26.055 (kcal/mol)
Score after minimization : 17.603 (kcal/mol)
Score after docking : -9.371 (kcal/mol)
Score before minimization: 27.313 (kcal/mol)
Score after minimization : -0.651 (kcal/mol)
Score after docking : -8.046 (kcal/mol)
Score before minimization: 29.384 (kcal/mol)
Score after minimization : 12.867 (kcal/mol)
Score after docking : -7.137 (kcal/mol)
Score before minimization: -7.852 (kcal/mol)
Score after minimization : -7.601 (kcal/mol)
Score after docking : -10.835 (kcal/mol)
Score before minimization: -7.930 (kcal/mol)
Score after minimization : -7.031 (kcal/mol)
Score after docking : -10.972 (kcal/mol)
Score before minimization: 24.661 (kcal/mol)
Score after minimization : 2.630 (kcal/mol)
Score after docking : -8.395 (kcal/mol)
Vina:  -9.060375
Score before minimization: -9.109 (kcal/mol)
Score after minimization : -9.363 (kcal/mol)
Score after docking : -9.139 (kcal/mol)
original vina: -9.139
20
input/5wyq_ligands_51/5wyq_ligands_51_pocket.pdb
input/5wyq_ligands_51/5wyq_ligands_51_pocket.pdb
Start Generating
aar:  tensor(0.9107, device='cuda:0')
rmsd:  tensor(1.8403, device='cuda:0')
Score before minimization: -7.536 (kcal/mol)
Score after minimization : -9.233 (kcal/mol)
Score after docking : -12.825 (kcal/mol)
Score before minimization: -6.765 (kcal/mol)
Score after minimization : -8.948 (kcal/mol)
Score after docking : -12.699 (kcal/mol)
Score before minimization: -9.274 (kcal/mol)
Score after minimization : -9.737 (kcal/mol)
Score after docking : -13.067 (kcal/mol)
Score before minimization: -8.908 (kcal/mol)
Score after minimization : -9.339 (kcal/mol)
Score after docking : -13.483 (kcal/mol)
Score before minimization: 22.001 (kcal/mol)
Score after minimization : 1.872 (kcal/mol)
Score after docking : -9.313 (kcal/mol)
Score before minimization: 43.202 (kcal/mol)
Score after minimization : 24.808 (kcal/mol)
Score after docking : -8.117 (kcal/mol)
Score before minimization: 35.015 (kcal/mol)
Score after minimization : 16.975 (kcal/mol)
Score after docking : -8.059 (kcal/mol)
Score before minimization: 95.355 (kcal/mol)
Score after minimization : 10.900 (kcal/mol)
Score after docking : -8.046 (kcal/mol)
Vina:  -10.701125
Score before minimization: -8.795 (kcal/mol)
Score after minimization : -8.856 (kcal/mol)
Score after docking : -9.233 (kcal/mol)
original vina: -9.233
21
input/5wyq_ligands_73/5wyq_ligands_73_pocket.pdb
input/5wyq_ligands_73/5wyq_ligands_73_pocket.pdb
Start Generating
aar:  tensor(0.9079, device='cuda:0')
rmsd:  tensor(1.6770, device='cuda:0')
Score before minimization: 32.149 (kcal/mol)
Score after minimization : 8.701 (kcal/mol)
Score after docking : -7.106 (kcal/mol)
Score before minimization: 23.791 (kcal/mol)
Score after minimization : 3.103 (kcal/mol)
Score after docking : -8.897 (kcal/mol)
Score before minimization: -8.090 (kcal/mol)
Score after minimization : -8.889 (kcal/mol)
Score after docking : -10.978 (kcal/mol)
Score before minimization: 5.448 (kcal/mol)
Score after minimization : -2.301 (kcal/mol)
Score after docking : -9.584 (kcal/mol)
Score before minimization: 28.416 (kcal/mol)
Score after minimization : 3.690 (kcal/mol)
Score after docking : -7.681 (kcal/mol)
Score before minimization: 23.406 (kcal/mol)
Score after minimization : 0.344 (kcal/mol)
Score after docking : -7.582 (kcal/mol)
Vina:  -8.714375
Score before minimization: -8.713 (kcal/mol)
Score after minimization : -8.896 (kcal/mol)
Score after docking : -9.197 (kcal/mol)
original vina: -9.197
22
input/5wyq_ligands_21/5wyq_ligands_21_pocket.pdb
input/5wyq_ligands_21/5wyq_ligands_21_pocket.pdb
Start Generating
Sanitization error for molecule 0: Explicit valence for atom # 43 N, 5, is greater than permitted
Failed to fully sanitize molecule 0: Explicit valence for atom # 43 N, 5, is greater than permitted
Sanitization error for molecule 1: Explicit valence for atom # 43 N, 5, is greater than permitted
Failed to fully sanitize molecule 1: Explicit valence for atom # 43 N, 5, is greater than permitted
Sanitization error for molecule 2: Explicit valence for atom # 43 N, 5, is greater than permitted
Failed to fully sanitize molecule 2: Explicit valence for atom # 43 N, 5, is greater than permitted
Sanitization error for molecule 3: Explicit valence for atom # 43 N, 5, is greater than permitted
Failed to fully sanitize molecule 3: Explicit valence for atom # 43 N, 5, is greater than permitted
Sanitization error for molecule 4: Explicit valence for atom # 43 N, 5, is greater than permitted
Failed to fully sanitize molecule 4: Explicit valence for atom # 43 N, 5, is greater than permitted
Sanitization error for molecule 5: Explicit valence for atom # 43 N, 5, is greater than permitted
Failed to fully sanitize molecule 5: Explicit valence for atom # 43 N, 5, is greater than permitted
Sanitization error for molecule 6: Explicit valence for atom # 43 N, 5, is greater than permitted
Failed to fully sanitize molecule 6: Explicit valence for atom # 43 N, 5, is greater than permitted
Sanitization error for molecule 7: Explicit valence for atom # 43 N, 5, is greater than permitted
Failed to fully sanitize molecule 7: Explicit valence for atom # 43 N, 5, is greater than permitted
aar:  tensor(0.9205, device='cuda:0')
rmsd:  tensor(1.6747, device='cuda:0')
Score before minimization: -10.090 (kcal/mol)
Score after minimization : -10.901 (kcal/mol)
Score after docking : -13.900 (kcal/mol)
Score before minimization: -10.085 (kcal/mol)
Score after minimization : -10.987 (kcal/mol)
Score after docking : -14.049 (kcal/mol)
Score before minimization: 22.811 (kcal/mol)
Score after minimization : 6.869 (kcal/mol)
Score after docking : -10.299 (kcal/mol)
Score before minimization: 21.396 (kcal/mol)
Score after minimization : 12.362 (kcal/mol)
Score after docking : -9.195 (kcal/mol)
Score before minimization: -10.004 (kcal/mol)
Score after minimization : -11.170 (kcal/mol)
Score after docking : -15.344 (kcal/mol)
Score before minimization: 39.819 (kcal/mol)
Score after minimization : 6.430 (kcal/mol)
Score after docking : -9.080 (kcal/mol)
Score before minimization: -10.051 (kcal/mol)
Score after minimization : -10.754 (kcal/mol)
Score after docking : -14.685 (kcal/mol)
Score before minimization: 22.823 (kcal/mol)
Score after minimization : 10.422 (kcal/mol)
Score after docking : -9.366 (kcal/mol)
Vina:  -11.98975
Score before minimization: -7.673 (kcal/mol)
Score after minimization : -7.557 (kcal/mol)
Score after docking : -10.301 (kcal/mol)
original vina: -10.301
23
input/5wyq_ligands_74/5wyq_ligands_74_pocket.pdb
input/5wyq_ligands_74/5wyq_ligands_74_pocket.pdb
Start Generating
aar:  tensor(0.9375, device='cuda:0')
rmsd:  tensor(1.8659, device='cuda:0')
Score before minimization: 12.525 (kcal/mol)
Score after minimization : 7.280 (kcal/mol)
Score after docking : -7.158 (kcal/mol)
Score before minimization: 56.996 (kcal/mol)
Score after minimization : 28.895 (kcal/mol)
Score after docking : -7.623 (kcal/mol)
Score before minimization: -8.891 (kcal/mol)
Score after minimization : -9.927 (kcal/mol)
Score after docking : -12.063 (kcal/mol)
Score before minimization: 30.612 (kcal/mol)
Score after minimization : 22.099 (kcal/mol)
Score after docking : -6.781 (kcal/mol)
Score before minimization: 39.849 (kcal/mol)
Score after minimization : 27.819 (kcal/mol)
Score after docking : -8.000 (kcal/mol)
Score before minimization: -9.199 (kcal/mol)
Score after minimization : -10.149 (kcal/mol)
Score after docking : -11.255 (kcal/mol)
Score before minimization: 29.580 (kcal/mol)
Score after minimization : 15.902 (kcal/mol)
Score after docking : -7.297 (kcal/mol)
Score before minimization: -8.629 (kcal/mol)
Score after minimization : -9.458 (kcal/mol)
Score after docking : -12.018 (kcal/mol)
Vina:  -9.024375000000001
Score before minimization: -8.892 (kcal/mol)
Score after minimization : -8.843 (kcal/mol)
Score after docking : -10.624 (kcal/mol)
original vina: -10.624
24
input/5wyq_ligands_37/5wyq_ligands_37_pocket.pdb
input/5wyq_ligands_37/5wyq_ligands_37_pocket.pdb
Start Generating
aar:  tensor(1., device='cuda:0')
rmsd:  tensor(1.4694, device='cuda:0')
Score before minimization: -4.479 (kcal/mol)
Score after minimization : -6.705 (kcal/mol)
Score after docking : -7.920 (kcal/mol)
Score before minimization: 3.499 (kcal/mol)
Score after minimization : -0.187 (kcal/mol)
Score after docking : -7.140 (kcal/mol)
Score before minimization: -4.539 (kcal/mol)
Score after minimization : -6.955 (kcal/mol)
Score after docking : -7.982 (kcal/mol)
Score before minimization: 24.017 (kcal/mol)
Score after minimization : -6.156 (kcal/mol)
Score after docking : -7.316 (kcal/mol)
Score before minimization: 6.214 (kcal/mol)
Score after minimization : 2.977 (kcal/mol)
Score after docking : -7.084 (kcal/mol)
Score before minimization: 13.694 (kcal/mol)
Score after minimization : 6.804 (kcal/mol)
Score after docking : -7.508 (kcal/mol)
Score before minimization: -4.440 (kcal/mol)
Score after minimization : -6.879 (kcal/mol)
Score after docking : -7.826 (kcal/mol)
Score before minimization: -4.291 (kcal/mol)
Score after minimization : -6.373 (kcal/mol)
Score after docking : -7.981 (kcal/mol)
Vina:  -7.594625
Score before minimization: -5.796 (kcal/mol)
Score after minimization : -5.810 (kcal/mol)
Score after docking : -6.304 (kcal/mol)
original vina: -6.304
25
input/5wyq_ligands_50/5wyq_ligands_50_pocket.pdb
input/5wyq_ligands_50/5wyq_ligands_50_pocket.pdb
Start Generating
aar:  tensor(0.9375, device='cuda:0')
rmsd:  tensor(1.8060, device='cuda:0')
Score before minimization: -8.782 (kcal/mol)
Score after minimization : -9.282 (kcal/mol)
Score after docking : -12.743 (kcal/mol)
Score before minimization: 56.433 (kcal/mol)
Score after minimization : -3.788 (kcal/mol)
Score after docking : -8.116 (kcal/mol)
Score before minimization: -8.699 (kcal/mol)
Score after minimization : -9.141 (kcal/mol)
Score after docking : -12.074 (kcal/mol)
Score before minimization: 46.324 (kcal/mol)
Score after minimization : 23.261 (kcal/mol)
Score after docking : -6.806 (kcal/mol)
Score before minimization: 25.498 (kcal/mol)
Score after minimization : 18.015 (kcal/mol)
Score after docking : -7.417 (kcal/mol)
Score before minimization: 60.864 (kcal/mol)
Score after minimization : 35.657 (kcal/mol)
Score after docking : -8.231 (kcal/mol)
Score before minimization: 66.653 (kcal/mol)
Score after minimization : 3.402 (kcal/mol)
Score after docking : -7.672 (kcal/mol)
Score before minimization: -7.795 (kcal/mol)
Score after minimization : -9.596 (kcal/mol)
Score after docking : -12.821 (kcal/mol)
Vina:  -9.485
Score before minimization: -8.119 (kcal/mol)
Score after minimization : -8.473 (kcal/mol)
Score after docking : -9.471 (kcal/mol)
original vina: -9.471
26
input/5wyq_ligands_94/5wyq_ligands_94_pocket.pdb
input/5wyq_ligands_94/5wyq_ligands_94_pocket.pdb
Start Generating
aar:  tensor(0.9226, device='cuda:0')
rmsd:  tensor(1.7948, device='cuda:0')
Score before minimization: -8.293 (kcal/mol)
Score after minimization : -8.713 (kcal/mol)
Score after docking : -12.361 (kcal/mol)
Score before minimization: 9.810 (kcal/mol)
Score after minimization : 0.272 (kcal/mol)
Score after docking : -8.969 (kcal/mol)
Score before minimization: -8.635 (kcal/mol)
Score after minimization : -8.974 (kcal/mol)
Score after docking : -13.513 (kcal/mol)
Score before minimization: -8.065 (kcal/mol)
Score after minimization : -8.332 (kcal/mol)
Score after docking : -12.118 (kcal/mol)
Score before minimization: 21.250 (kcal/mol)
Score after minimization : -3.308 (kcal/mol)
Score after docking : -7.837 (kcal/mol)
Score before minimization: -8.303 (kcal/mol)
Score after minimization : -8.615 (kcal/mol)
Score after docking : -12.790 (kcal/mol)
Score before minimization: -8.440 (kcal/mol)
Score after minimization : -8.997 (kcal/mol)
Score after docking : -13.110 (kcal/mol)
Score before minimization: 8.291 (kcal/mol)
Score after minimization : 0.521 (kcal/mol)
Score after docking : -7.732 (kcal/mol)
Vina:  -11.053749999999999
Score before minimization: -9.544 (kcal/mol)
Score after minimization : -9.700 (kcal/mol)
Score after docking : -9.904 (kcal/mol)
original vina: -9.904
27
input/5wyq_ligands_42/5wyq_ligands_42_pocket.pdb
input/5wyq_ligands_42/5wyq_ligands_42_pocket.pdb
Start Generating
aar:  tensor(0.9107, device='cuda:0')
rmsd:  tensor(1.6568, device='cuda:0')
Score before minimization: -7.654 (kcal/mol)
Score after minimization : -8.389 (kcal/mol)
Score after docking : -10.951 (kcal/mol)
Score before minimization: -7.937 (kcal/mol)
Score after minimization : -8.043 (kcal/mol)
Score after docking : -10.912 (kcal/mol)
Score before minimization: 17.018 (kcal/mol)
Score after minimization : 3.383 (kcal/mol)
Score after docking : -5.329 (kcal/mol)
Score before minimization: -7.889 (kcal/mol)
Score after minimization : -8.253 (kcal/mol)
Score after docking : -11.284 (kcal/mol)
Score before minimization: -7.767 (kcal/mol)
Score after minimization : -8.156 (kcal/mol)
Score after docking : -11.139 (kcal/mol)
Score before minimization: 21.694 (kcal/mol)
Score after minimization : 0.904 (kcal/mol)
Score after docking : -8.701 (kcal/mol)
Score before minimization: 33.276 (kcal/mol)
Score after minimization : 6.321 (kcal/mol)
Score after docking : -7.725 (kcal/mol)
Score before minimization: 20.739 (kcal/mol)
Score after minimization : 10.920 (kcal/mol)
Score after docking : -8.274 (kcal/mol)
Vina:  -9.289375
Score before minimization: -8.826 (kcal/mol)
Score after minimization : -9.045 (kcal/mol)
Score after docking : -9.798 (kcal/mol)
original vina: -9.798
28
input/5wyq_ligands_111/5wyq_ligands_111_pocket.pdb
input/5wyq_ligands_111/5wyq_ligands_111_pocket.pdb
Start Generating
aar:  tensor(1., device='cuda:0')
rmsd:  tensor(1.6744, device='cuda:0')
Score before minimization: 18.838 (kcal/mol)
Score after minimization : -3.205 (kcal/mol)
Score after docking : -6.836 (kcal/mol)
Score before minimization: 26.629 (kcal/mol)
Score after minimization : -5.849 (kcal/mol)
Score after docking : -6.323 (kcal/mol)
Score before minimization: -6.275 (kcal/mol)
Score after minimization : -7.389 (kcal/mol)
Score after docking : -8.482 (kcal/mol)
Score before minimization: 29.209 (kcal/mol)
Score after minimization : 16.487 (kcal/mol)
Score after docking : -6.360 (kcal/mol)
Score before minimization: 29.558 (kcal/mol)
Score after minimization : 25.753 (kcal/mol)
Score after docking : -6.621 (kcal/mol)
Score before minimization: 21.447 (kcal/mol)
Score after minimization : 5.896 (kcal/mol)
Score after docking : -6.295 (kcal/mol)
Score before minimization: 40.299 (kcal/mol)
Score after minimization : 4.013 (kcal/mol)
Score after docking : -6.229 (kcal/mol)
Score before minimization: 10.575 (kcal/mol)
Score after minimization : 2.668 (kcal/mol)
Score after docking : -6.511 (kcal/mol)
Vina:  -6.7071250000000004
Score before minimization: -6.257 (kcal/mol)
Score after minimization : -6.215 (kcal/mol)
Score after docking : -6.220 (kcal/mol)
original vina: -6.22
29
input/5wyq_ligands_122/5wyq_ligands_122_pocket.pdb
input/5wyq_ligands_122/5wyq_ligands_122_pocket.pdb
Start Generating
aar:  tensor(0.9931, device='cuda:0')
rmsd:  tensor(1.8627, device='cuda:0')
Vina:  -8.363624999999999
Score before minimization: -7.865 (kcal/mol)
Score after minimization : -8.256 (kcal/mol)
Score after docking : -9.180 (kcal/mol)
original vina: -9.18
30
input/5wyq_ligands_102/5wyq_ligands_102_pocket.pdb
input/5wyq_ligands_102/5wyq_ligands_102_pocket.pdb
Start Generating
aar:  tensor(0.9013, device='cuda:0')
rmsd:  tensor(1.7169, device='cuda:0')
Score before minimization: 14.367 (kcal/mol)
Score after minimization : 0.446 (kcal/mol)
Score after docking : -7.909 (kcal/mol)
Score before minimization: -7.592 (kcal/mol)
Score after minimization : -7.879 (kcal/mol)
Score after docking : -10.827 (kcal/mol)
Score before minimization: 7.865 (kcal/mol)
Score after minimization : -0.549 (kcal/mol)
Score after docking : -9.063 (kcal/mol)
Score before minimization: 18.958 (kcal/mol)
Score after minimization : 2.892 (kcal/mol)
Score after docking : -9.578 (kcal/mol)
Score before minimization: 25.907 (kcal/mol)
Score after minimization : 5.713 (kcal/mol)
Score after docking : -5.538 (kcal/mol)
Score before minimization: -7.346 (kcal/mol)
Score after minimization : -8.096 (kcal/mol)
Score after docking : -9.817 (kcal/mol)
Score before minimization: 10.540 (kcal/mol)
Score after minimization : 1.830 (kcal/mol)
Score after docking : -9.079 (kcal/mol)
Vina:  -9.028625
Score before minimization: -9.918 (kcal/mol)
Score after minimization : -10.028 (kcal/mol)
Score after docking : -10.445 (kcal/mol)
original vina: -10.445
31
input/5wyq_ligands_103/5wyq_ligands_103_pocket.pdb
input/5wyq_ligands_103/5wyq_ligands_103_pocket.pdb
Start Generating
aar:  tensor(1., device='cuda:0')
rmsd:  tensor(1.5941, device='cuda:0')
Score before minimization: 17.004 (kcal/mol)
Score after minimization : -4.219 (kcal/mol)
Score after docking : -7.294 (kcal/mol)
Score before minimization: 6.746 (kcal/mol)
Score after minimization : 2.591 (kcal/mol)
Score after docking : -7.306 (kcal/mol)
Score before minimization: 2.519 (kcal/mol)
Score after minimization : -4.236 (kcal/mol)
Score after docking : -7.040 (kcal/mol)
Score before minimization: 4.761 (kcal/mol)
Score after minimization : -7.467 (kcal/mol)
Score after docking : -8.289 (kcal/mol)
Score before minimization: 18.320 (kcal/mol)
Score after minimization : 4.193 (kcal/mol)
Score after docking : -7.329 (kcal/mol)
Score before minimization: 2.007 (kcal/mol)
Score after minimization : -2.198 (kcal/mol)
Score after docking : -7.344 (kcal/mol)
Score before minimization: 7.503 (kcal/mol)
Score after minimization : 2.704 (kcal/mol)
Score after docking : -7.072 (kcal/mol)
Score before minimization: 3.188 (kcal/mol)
Score after minimization : -5.648 (kcal/mol)
Score after docking : -7.369 (kcal/mol)
Vina:  -7.380375
Score before minimization: -6.822 (kcal/mol)
Score after minimization : -6.775 (kcal/mol)
Score after docking : -7.527 (kcal/mol)
original vina: -7.527
32
input/5wyq_ligands_117/5wyq_ligands_117_pocket.pdb
input/5wyq_ligands_117/5wyq_ligands_117_pocket.pdb
Start Generating
aar:  tensor(0.7778, device='cuda:0')
rmsd:  tensor(1.8004, device='cuda:0')
Score before minimization: 26.328 (kcal/mol)
Score after minimization : 5.429 (kcal/mol)
Score after docking : -5.260 (kcal/mol)
Score before minimization: 18.323 (kcal/mol)
Score after minimization : 5.317 (kcal/mol)
Score after docking : -7.761 (kcal/mol)
Score before minimization: 12.497 (kcal/mol)
Score after minimization : 1.263 (kcal/mol)
Score after docking : -10.515 (kcal/mol)
Score before minimization: 22.468 (kcal/mol)
Score after minimization : 1.213 (kcal/mol)
Score after docking : -8.591 (kcal/mol)
Score before minimization: 7.411 (kcal/mol)
Score after minimization : -6.174 (kcal/mol)
Score after docking : -9.197 (kcal/mol)
Score before minimization: 6.631 (kcal/mol)
Score after minimization : -2.789 (kcal/mol)
Score after docking : -9.421 (kcal/mol)
Score before minimization: 22.795 (kcal/mol)
Score after minimization : -0.826 (kcal/mol)
Score after docking : -9.665 (kcal/mol)
Vina:  -8.60925
Score before minimization: -9.335 (kcal/mol)
Score after minimization : -9.348 (kcal/mol)
Score after docking : -10.499 (kcal/mol)
original vina: -10.499
33
input/5wyq_ligands_76/5wyq_ligands_76_pocket.pdb
input/5wyq_ligands_76/5wyq_ligands_76_pocket.pdb
Start Generating
aar:  tensor(0.9706, device='cuda:0')
rmsd:  tensor(1.8592, device='cuda:0')
Score before minimization: -9.282 (kcal/mol)
Score after minimization : -9.989 (kcal/mol)
Score after docking : -11.649 (kcal/mol)
Score before minimization: 32.734 (kcal/mol)
Score after minimization : 2.551 (kcal/mol)
Score after docking : -7.908 (kcal/mol)
Score before minimization: 42.986 (kcal/mol)
Score after minimization : 26.042 (kcal/mol)
Score after docking : -7.202 (kcal/mol)
Score before minimization: 26.576 (kcal/mol)
Score after minimization : 11.146 (kcal/mol)
Score after docking : -8.066 (kcal/mol)
Score before minimization: 53.262 (kcal/mol)
Score after minimization : 24.180 (kcal/mol)
Score after docking : -7.081 (kcal/mol)
Score before minimization: 39.884 (kcal/mol)
Score after minimization : 12.118 (kcal/mol)
Score after docking : -7.668 (kcal/mol)
Score before minimization: 51.714 (kcal/mol)
Score after minimization : -5.121 (kcal/mol)
Score after docking : -7.807 (kcal/mol)
Score before minimization: 28.523 (kcal/mol)
Score after minimization : 7.080 (kcal/mol)
Score after docking : -7.134 (kcal/mol)
Vina:  -8.064375
Score before minimization: -8.877 (kcal/mol)
Score after minimization : -8.889 (kcal/mol)
Score after docking : -9.524 (kcal/mol)
original vina: -9.524
34
input/5wyq_ligands_30/5wyq_ligands_30_pocket.pdb
input/5wyq_ligands_30/5wyq_ligands_30_pocket.pdb
Start Generating
aar:  tensor(0.9091, device='cuda:0')
rmsd:  tensor(1.8527, device='cuda:0')
Score before minimization: 37.251 (kcal/mol)
Score after minimization : 20.804 (kcal/mol)
Score after docking : -7.574 (kcal/mol)
Score before minimization: -9.233 (kcal/mol)
Score after minimization : -9.569 (kcal/mol)
Score after docking : -12.474 (kcal/mol)
Score before minimization: -9.261 (kcal/mol)
Score after minimization : -9.640 (kcal/mol)
Score after docking : -12.781 (kcal/mol)
Score before minimization: -8.873 (kcal/mol)
Score after minimization : -9.964 (kcal/mol)
Score after docking : -13.182 (kcal/mol)
Score before minimization: -5.871 (kcal/mol)
Score after minimization : -9.562 (kcal/mol)
Score after docking : -12.141 (kcal/mol)
Score before minimization: -8.513 (kcal/mol)
Score after minimization : -9.545 (kcal/mol)
Score after docking : -13.722 (kcal/mol)
Score before minimization: -9.209 (kcal/mol)
Score after minimization : -9.734 (kcal/mol)
Score after docking : -13.113 (kcal/mol)
Score before minimization: 52.673 (kcal/mol)
Score after minimization : 31.768 (kcal/mol)
Score after docking : -7.634 (kcal/mol)
Vina:  -11.577625000000001
Score before minimization: -8.787 (kcal/mol)
Score after minimization : -8.998 (kcal/mol)
Score after docking : -9.372 (kcal/mol)
original vina: -9.372
35
input/5wyq_ligands_25/5wyq_ligands_25_pocket.pdb
input/5wyq_ligands_25/5wyq_ligands_25_pocket.pdb
Start Generating
aar:  tensor(0.9167, device='cuda:0')
rmsd:  tensor(1.8085, device='cuda:0')
Score before minimization: -9.134 (kcal/mol)
Score after minimization : -8.154 (kcal/mol)
Score after docking : -11.429 (kcal/mol)
Score before minimization: -8.797 (kcal/mol)
Score after minimization : -8.504 (kcal/mol)
Score after docking : -11.750 (kcal/mol)
Score before minimization: -9.453 (kcal/mol)
Score after minimization : -9.035 (kcal/mol)
Score after docking : -11.759 (kcal/mol)
Score before minimization: -9.122 (kcal/mol)
Score after minimization : -8.531 (kcal/mol)
Score after docking : -12.563 (kcal/mol)
Score before minimization: 36.847 (kcal/mol)
Score after minimization : 5.704 (kcal/mol)
Score after docking : -7.857 (kcal/mol)
Score before minimization: 44.832 (kcal/mol)
Score after minimization : 31.910 (kcal/mol)
Score after docking : -5.156 (kcal/mol)
Score before minimization: 11.443 (kcal/mol)
Score after minimization : 1.751 (kcal/mol)
Score after docking : -7.753 (kcal/mol)
Score before minimization: 24.249 (kcal/mol)
Score after minimization : 4.362 (kcal/mol)
Score after docking : -8.182 (kcal/mol)
Vina:  -9.556125000000002
Score before minimization: -8.375 (kcal/mol)
Score after minimization : -8.614 (kcal/mol)
Score after docking : -10.281 (kcal/mol)
original vina: -10.281
